[21:49:02] [ServerMain/INFO]: Environment: Environment[sessionHost=https://sessionserver.mojang.com, servicesHost=https://api.minecraftservices.com, profilesHost=https://api.mojang.com, name=PROD]
[21:49:06] [ServerMain/INFO]: Loaded 1461 recipes
[21:49:06] [ServerMain/INFO]: Loaded 1574 advancements
[21:49:06] [Server thread/INFO]: Starting minecraft server version 1.21.10
[21:49:06] [Server thread/INFO]: Loading properties
[21:49:06] [Server thread/INFO]: Default game type: SURVIVAL
[21:49:06] [Server thread/INFO]: Generating keypair
[21:49:06] [Server thread/INFO]: Starting Minecraft server on *:25565
[21:49:06] [Server thread/INFO]: Using epoll channel type
[21:49:06] [Server thread/WARN]: **** SERVER IS RUNNING IN OFFLINE/INSECURE MODE!
[21:49:06] [Server thread/WARN]: The server will make no attempt to authenticate usernames. Beware.
[21:49:06] [Server thread/WARN]: While this makes the game possible to play without internet access, it also opens up the ability for hackers to connect with any username they choose.
[21:49:06] [Server thread/WARN]: To change this, set "online-mode" to "true" in the server.properties file.
[21:49:06] [Server thread/INFO]: Preparing level "world"
[21:49:07] [Server thread/INFO]: Loading 0 persistent chunks...
[21:49:07] [Server thread/INFO]: Preparing spawn area: 100%
[21:49:07] [Server thread/INFO]: Time elapsed: 14 ms
[21:49:07] [Server thread/INFO]: Done (0.599s)! For help, type "help"
[21:49:23] [Server thread/INFO]: epayoma06[/127.133.57.132:37407] logged in with entity id 15 at (37.560999574460766, 56.083016449569655, -30.37245985533503)
[21:49:23] [Server thread/INFO]: epayoma06 joined the game
[21:49:44] [Server thread/INFO]: Miguel024[/127.131.64.89:40125] logged in with entity id 375 at (195.5, 64.0, -708.5)
[21:49:44] [Server thread/INFO]: Miguel024 joined the game
[21:50:09] [Server thread/INFO]: Z_tek[/127.106.254.175:54599] logged in with entity id 726 at (190.37728846698872, 64.0, -686.4370215458736)
[21:50:09] [Server thread/INFO]: Z_tek joined the game
[21:50:45] [Server thread/INFO]: Nexus133[/127.94.143.37:51275] logged in with entity id 957 at (200.7649479594407, 63.9375, -693.6670180831053)
[21:50:45] [Server thread/INFO]: Nexus133 joined the game
[22:00:11] [Server thread/INFO]: [Not Secure] <Miguel024> quitense malditos fracasaos
[22:00:43] [Server thread/INFO]: Miguel024 lost connection: Disconnected
[22:00:43] [Server thread/INFO]: Miguel024 left the game
[22:04:23] [Server thread/WARN]: Mismatch in destroy block pos: ja{x=329, y=77, z=-1471} ja{x=329, y=75, z=-1471}
[22:08:18] [Server thread/WARN]: Oak Boat (vehicle of Z_tek) moved wrongly! 0.27250093386237495
[22:10:14] [Server thread/WARN]: Nexus133 moved too quickly! -4.073638337483487,1.6809856651381025,9.105371370244939
[22:14:11] [Server thread/INFO]: epayoma06 lost connection: Disconnected
[22:14:11] [Server thread/INFO]: epayoma06 left the game
[22:14:11] [Server thread/WARN]: handleDisconnection() called twice
[22:16:48] [Server thread/INFO]: Nexus133 has made the advancement [Eye Spy]
[22:16:49] [Server thread/INFO]: Z_tek has made the advancement [Eye Spy]
[22:18:17] [Server thread/INFO]: epayoma06[/127.133.57.132:59473] logged in with entity id 15370 at (195.5, 64.0, -708.5)
[22:18:17] [Server thread/INFO]: epayoma06 joined the game
[22:18:21] [Server thread/INFO]: [Not Secure] <epayoma06> sal de ahi bro
[22:19:02] [Server thread/INFO]: epayoma06 lost connection: Timed out
[22:19:02] [Server thread/INFO]: epayoma06 left the game
[22:19:02] [Server thread/WARN]: handleDisconnection() called twice
[22:19:31] [Server thread/INFO]: epayoma06[/127.133.57.132:42311] logged in with entity id 15926 at (195.11778334086566, 64.0, -700.9135373572668)
[22:19:31] [Server thread/INFO]: epayoma06 joined the game
[22:43:15] [Server thread/INFO]: [Not Secure] <epayoma06> 35.329 82.00000 -87.609
[22:54:21] [Server thread/INFO]: Z_tek lost connection: Disconnected
[22:54:21] [Server thread/INFO]: Z_tek left the game
[22:54:24] [Server thread/INFO]: Z_tek[/127.106.254.175:54801] logged in with entity id 28083 at (207.52512699880836, 65.0, -704.8496980483563)
[22:54:24] [Server thread/INFO]: Z_tek joined the game
[22:55:10] [Server thread/INFO]: Nexus133 has made the advancement [The Parrots and the Bats]
[22:57:52] [Server thread/INFO]: epayoma06 has made the advancement [What a Deal!]
[22:59:38] [Server thread/INFO]: Z_tek drowned
[23:02:43] [Server thread/INFO]: Z_tek lost connection: Disconnected
[23:02:43] [Server thread/INFO]: Z_tek left the game
[23:03:09] [Server thread/INFO]: Z_tek[/127.106.254.175:33837] logged in with entity id 30730 at (202.97253590523482, 64.0, -686.9187679997449)
[23:03:09] [Server thread/INFO]: Z_tek joined the game
[23:03:42] [Server thread/INFO]: Nexus133 lost connection: Disconnected
[23:03:42] [Server thread/INFO]: Nexus133 left the game
[23:03:51] [Server thread/INFO]: Nexus133[/127.94.143.37:50723] logged in with entity id 31200 at (-256.95251717275625, 39.445858837125, -109.5629842587614)
[23:03:51] [Server thread/INFO]: Nexus133 joined the game
[23:03:59] [Server thread/INFO]: Nexus133 lost connection: Disconnected
[23:03:59] [Server thread/INFO]: Nexus133 left the game
[23:04:06] [Server thread/INFO]: Nexus133[/127.94.143.37:49133] logged in with entity id 31416 at (-259.69999998807907, 31.069928035755062, -108.56951860847222)
[23:04:06] [Server thread/INFO]: Nexus133 joined the game
[23:04:06] [Server thread/INFO]: Nexus133 tried to swim in lava
[23:05:18] [Server thread/INFO]: Z_tek has made the advancement [Hot Stuff]
[23:10:28] [Server thread/INFO]: Z_tek lost connection: Disconnected
[23:10:28] [Server thread/INFO]: Z_tek left the game
[23:10:48] [Server thread/INFO]: Z_tek[/127.106.254.175:50853] logged in with entity id 33643 at (195.47231624296654, 64.0, -702.2663090797702)
[23:10:48] [Server thread/INFO]: Z_tek joined the game
[23:11:23] [Server thread/INFO]: Z_tek lost connection: Disconnected
[23:11:23] [Server thread/INFO]: Z_tek left the game
[23:11:42] [Server thread/INFO]: Nexus133 lost connection: Disconnected
[23:11:42] [Server thread/INFO]: Nexus133 left the game
